<?xml version="1.0" encoding="UTF-8"?>
<!-- Generated by org.testng.reporters.JUnitXMLReporter -->
<testsuite ignored="0" hostname="DESKTOP-95QHTH0" failures="1" tests="3" name="Test" time="4.771" errors="0" timestamp="2023-08-06T12:20:37 IST">
  <testcase classname="com.qa.testscripts.AutomationPanda" name="checkTitle" time="0.404">
    <failure type="java.lang.AssertionError" message="Title shown is Incorrect expected [true] but found [false]">
      <![CDATA[java.lang.AssertionError: Title shown is Incorrect expected [true] but found [false]
at com.qa.testscripts.AutomationPanda.checkTitle(AutomationPanda.java:15)
at java.base/java.util.ArrayList.forEach(ArrayList.java:1511)
... Removed 30 stack frames]]>
    </failure>
  </testcase> <!-- checkTitle -->
  <testcase classname="com.qa.testscripts.AutomationPanda" name="checkContactButton" time="0.901"/>
  <testcase classname="com.qa.testscripts.AutomationPanda" name="checkSubmit" time="3.271"/>
</testsuite> <!-- Test -->
